Only loads 72000 entries in Uproot:

Uproot 1 workers 24.546678066253662 seconds
Uproot 2 workers 25.4665744304657 seconds
Uproot 3 workers 25.975321769714355 seconds
Uproot 4 workers 25.52541756629944 seconds
Uproot 8 workers 26.553526878356934 seconds
Uproot 12 workers 25.88087773323059 seconds
Uproot 16 workers 25.625181913375854 seconds
Uproot 20 workers 26.116685152053833 seconds
Uproot 24 workers 26.196748971939087 seconds
Uproot 36 workers 27.081759929656982 seconds
Uproot 48 workers 26.33230233192444 seconds
Uproot 60 workers 26.263431310653687 seconds
Uproot 72 workers 26.597672939300537 seconds

[11, 60, 36, 5, 10, 6, 8, 24, 2, 16, 1, 72, 48, 3, 9, 20, 7, 12, 4]

Loads whole file 10 times:

Forth 1 workers 157.48073768615723 seconds
Forth 2 workers 74.59399843215942 seconds
Forth 3 workers 55.70393395423889 seconds
Forth 4 workers 42.757781744003296 seconds
Forth 5 workers 31.764143705368042 seconds
Forth 6 workers 44.46048140525818 seconds
Forth 7 workers 27.208353996276855 seconds
Forth 8 workers 36.381691217422485 seconds
Forth 9 workers 20.22704768180847 seconds
Forth 10 workers 18.13774561882019 seconds
Forth 11 workers 17.67407536506653 seconds
Forth 12 workers 14.885231971740723 seconds
Forth 16 workers 13.52955412864685 seconds
Forth 20 workers 11.843489170074463 seconds
Forth 24 workers 12.854336023330688 seconds
Forth 36 workers 8.28911566734314 seconds
Forth 48 workers 8.285134077072144 seconds
Forth 60 workers 9.091292142868042 seconds
Forth 72 workers 7.536222219467163 seconds
