  Resident Pages: 973987/973987  3G/3G  100%
forth-read-jagged0-avro.py
AwkwardForth zlib1-jagged0 20.13707709312439 seconds
  Resident Pages: 973987/973987  3G/3G  100%
fastavro-read-jagged0-avro.py
1
2
3
4
5
6
7
8
9
10
11
12
13
14
15
16
17
18
19
20
21
22
23
24
25
26
27
28
29
30
31
32
33
34
35
36
37
38
39
40
41
42
43
44
45
46
47
48
49
50
51
52
53
54
55
56
57
58
59
60
61
62
63
64
65
66
67
68
69
70
71
72
73
74
75
76
77
78
79
80
81
82
83
84
85
86
87
88
89
90
91
92
93
94
95
96
97
98
99
fastavro zlib1-jagged0 294.4343240261078 seconds
  Resident Pages: 973987/973987  3G/3G  100%
forth-read-jagged0-avro.py
AwkwardForth zlib1-jagged0 20.058740615844727 seconds
  Resident Pages: 1032539/1032539  3G/3G  100%
forth-read-jagged1-avro.py
AwkwardForth zlib1-jagged1 31.39365267753601 seconds
  Resident Pages: 1032539/1032539  3G/3G  100%
fastavro-read-jagged1-avro.py
1
2
3
4
5
6
7
8
9
10
11
12
13
14
15
16
17
18
19
20
21
22
23
24
25
26
27
28
29
30
31
32
33
34
35
36
37
38
39
40
41
42
43
44
45
46
47
48
49
50
51
52
53
54
55
56
57
58
59
60
61
62
63
64
65
66
67
68
69
70
71
72
73
74
75
76
77
78
79
80
81
82
83
84
85
86
87
88
89
90
91
92
93
94
95
96
97
98
99
fastavro zlib1-jagged1 182.3738613128662 seconds
  Resident Pages: 1032539/1032539  3G/3G  100%
forth-read-jagged1-avro.py
AwkwardForth zlib1-jagged1 31.34179162979126 seconds
  Resident Pages: 970931/1040401  3G/3G  93.3%
forth-read-jagged2-avro.py
AwkwardForth zlib1-jagged2 64.02328443527222 seconds
  Resident Pages: 1040401/1040401  3G/3G  100%
fastavro-read-jagged2-avro.py
1
2
3
4
5
6
7
8
9
10
11
12
13
14
15
16
17
18
19
20
21
22
23
24
25
26
27
28
29
30
31
32
33
34
35
36
37
38
39
40
41
42
43
44
45
46
47
48
49
50
51
52
53
54
55
56
57
58
59
60
61
62
63
64
65
66
67
68
69
70
71
72
73
74
75
76
77
78
79
80
81
82
83
84
85
86
87
88
89
90
91
92
93
94
95
96
97
98
99
fastavro zlib1-jagged2 171.99094581604004 seconds
  Resident Pages: 1040401/1040401  3G/3G  100%
forth-read-jagged2-avro.py
AwkwardForth zlib1-jagged2 35.11534142494202 seconds
  Resident Pages: 1041293/1041293  3G/3G  100%
forth-read-jagged3-avro.py
AwkwardForth zlib1-jagged3 34.83189940452576 seconds
  Resident Pages: 1041293/1041293  3G/3G  100%
fastavro-read-jagged3-avro.py
1
2
3
4
5
6
7
8
9
10
11
12
13
14
15
16
17
18
19
20
21
22
23
24
25
26
27
28
29
30
31
32
33
34
35
36
37
38
39
40
41
42
43
44
45
46
47
48
49
50
51
52
53
54
55
56
57
58
59
60
61
62
63
64
65
66
67
68
69
70
71
72
73
74
75
76
77
78
79
80
81
82
83
84
85
86
87
88
89
90
91
92
93
94
95
96
97
98
99
fastavro zlib1-jagged3 176.48508167266846 seconds
  Resident Pages: 1041293/1041293  3G/3G  100%
forth-read-jagged3-avro.py
AwkwardForth zlib1-jagged3 34.63560676574707 seconds
