  Resident Pages: 1048579/1048579  4G/4G  100%
pyarrow zlib0-jagged0 2.354276180267334 seconds
  Resident Pages: 1048579/1048579  4G/4G  100%
pyarrow zlib0-jagged0 2.354440689086914 seconds
  Resident Pages: 1048579/1048579  4G/4G  100%
AwkwardForth zlib0-jagged0 1.4986679553985596 seconds
  Resident Pages: 1048579/1048579  4G/4G  100%
AwkwardForth zlib0-jagged0 1.4664413928985596 seconds
  Resident Pages: 1048579/1048579  4G/4G  100%
pyarrow zlib0-jagged0 2.3724851608276367 seconds
  Resident Pages: 1048579/1048579  4G/4G  100%
AwkwardForth zlib0-jagged0 1.4517807960510254 seconds
  Resident Pages: 1048579/1048579  4G/4G  100%
pyarrow zlib0-split-jagged0 32.12971520423889 seconds
  Resident Pages: 1048579/1048579  4G/4G  100%
pyarrow zlib0-split-jagged0 2.003561496734619 seconds
  Resident Pages: 1048579/1048579  4G/4G  100%
AwkwardForth zlib0-split-jagged0 3.4122660160064697 seconds
  Resident Pages: 1048579/1048579  4G/4G  100%
AwkwardForth zlib0-split-jagged0 3.370635986328125 seconds
  Resident Pages: 1048579/1048579  4G/4G  100%
pyarrow zlib0-split-jagged0 2.066380500793457 seconds
  Resident Pages: 1048579/1048579  4G/4G  100%
AwkwardForth zlib0-split-jagged0 3.390061140060425 seconds
  Resident Pages: 1087524/1087524  4G/4G  100%
pyarrow zlib0-jagged1 22.69263529777527 seconds
  Resident Pages: 1087524/1087524  4G/4G  100%
pyarrow zlib0-jagged1 12.147205114364624 seconds
  Resident Pages: 1087524/1087524  4G/4G  100%
AwkwardForth zlib0-jagged1 79.10311031341553 seconds
  Resident Pages: 1087524/1087524  4G/4G  100%
AwkwardForth zlib0-jagged1 79.00379300117493 seconds
  Resident Pages: 1087524/1087524  4G/4G  100%
pyarrow zlib0-jagged1 12.132625341415405 seconds
  Resident Pages: 1087524/1087524  4G/4G  100%
AwkwardForth zlib0-jagged1 79.08024573326111 seconds
  Resident Pages: 1087524/1087524  4G/4G  100%
pyarrow zlib0-split-jagged1 29.08091378211975 seconds
  Resident Pages: 1087524/1087524  4G/4G  100%
pyarrow zlib0-split-jagged1 11.744213581085205 seconds
  Resident Pages: 1087524/1087524  4G/4G  100%
AwkwardForth zlib0-split-jagged1 80.76318621635437 seconds
  Resident Pages: 1087524/1087524  4G/4G  100%
AwkwardForth zlib0-split-jagged1 81.27028608322144 seconds
  Resident Pages: 1087524/1087524  4G/4G  100%
pyarrow zlib0-split-jagged1 11.804870843887329 seconds
  Resident Pages: 1087524/1087524  4G/4G  100%
AwkwardForth zlib0-split-jagged1 81.1258237361908 seconds
  Resident Pages: 1117383/1117383  4G/4G  100%
pyarrow zlib0-jagged2 29.611886501312256 seconds
  Resident Pages: 1117383/1117383  4G/4G  100%
pyarrow zlib0-jagged2 13.573397874832153 seconds
  Resident Pages: 1117383/1117383  4G/4G  100%
AwkwardForth zlib0-jagged2 99.58867621421814 seconds
  Resident Pages: 1117383/1117383  4G/4G  100%
AwkwardForth zlib0-jagged2 100.18804860115051 seconds
  Resident Pages: 1117383/1117383  4G/4G  100%
pyarrow zlib0-jagged2 13.696115970611572 seconds
  Resident Pages: 1117383/1117383  4G/4G  100%
AwkwardForth zlib0-jagged2 99.97504234313965 seconds
  Resident Pages: 1117383/1117383  4G/4G  100%
pyarrow zlib0-split-jagged2 36.53763675689697 seconds
  Resident Pages: 1117383/1117383  4G/4G  100%
pyarrow zlib0-split-jagged2 13.262761354446411 seconds
  Resident Pages: 1117383/1117383  4G/4G  100%
AwkwardForth zlib0-split-jagged2 101.59921336174011 seconds
  Resident Pages: 1117383/1117383  4G/4G  100%
AwkwardForth zlib0-split-jagged2 101.44777488708496 seconds
  Resident Pages: 1117383/1117383  4G/4G  100%
pyarrow zlib0-split-jagged2 13.446828365325928 seconds
  Resident Pages: 1117383/1117383  4G/4G  100%
AwkwardForth zlib0-split-jagged2 101.33358001708984 seconds
  Resident Pages: 1117161/1117161  4G/4G  100%
pyarrow zlib0-jagged3 37.135802030563354 seconds
  Resident Pages: 1117161/1117161  4G/4G  100%
pyarrow zlib0-jagged3 14.453836441040039 seconds
  Resident Pages: 1117161/1117161  4G/4G  100%
AwkwardForth zlib0-jagged3 119.74739098548889 seconds
  Resident Pages: 1117161/1117161  4G/4G  100%
AwkwardForth zlib0-jagged3 119.67976713180542 seconds
  Resident Pages: 1117161/1117161  4G/4G  100%
pyarrow zlib0-jagged3 14.697208404541016 seconds
  Resident Pages: 1117161/1117161  4G/4G  100%
AwkwardForth zlib0-jagged3 120.03740167617798 seconds
  Resident Pages: 1117161/1117161  4G/4G  100%
pyarrow zlib0-split-jagged3 32.26884889602661 seconds
  Resident Pages: 1117161/1117161  4G/4G  100%
pyarrow zlib0-split-jagged3 14.195062398910522 seconds
  Resident Pages: 1117161/1117161  4G/4G  100%
AwkwardForth zlib0-split-jagged3 121.86883187294006 seconds
  Resident Pages: 1117161/1117161  4G/4G  100%
AwkwardForth zlib0-split-jagged3 121.57731938362122 seconds
  Resident Pages: 1117161/1117161  4G/4G  100%
pyarrow zlib0-split-jagged3 14.141507863998413 seconds
  Resident Pages: 1117161/1117161  4G/4G  100%
AwkwardForth zlib0-split-jagged3 121.57730102539062 seconds


  Resident Pages: 1089624/1089624  4G/4G  100%
pyarrow zlib1-jagged0 6.903817415237427 seconds
  Resident Pages: 1089624/1089624  4G/4G  100%
pyarrow zlib1-jagged0 6.946056127548218 seconds
  Resident Pages: 1089624/1089624  4G/4G  100%
AwkwardForth zlib1-jagged0 9.287684202194214 seconds
  Resident Pages: 1089624/1089624  4G/4G  100%
AwkwardForth zlib1-jagged0 9.258960247039795 seconds
  Resident Pages: 1089624/1089624  4G/4G  100%
pyarrow zlib1-jagged0 6.925256252288818 seconds
  Resident Pages: 1089624/1089624  4G/4G  100%
AwkwardForth zlib1-jagged0 9.18290376663208 seconds
  Resident Pages: 1111598/1111598  4G/4G  100%
pyarrow zlib1-jagged1 46.62404751777649 seconds
  Resident Pages: 1111598/1111598  4G/4G  100%
pyarrow zlib1-jagged1 18.1207537651062 seconds
  Resident Pages: 1111598/1111598  4G/4G  100%
AwkwardForth zlib1-jagged1 87.61511588096619 seconds
  Resident Pages: 1111598/1111598  4G/4G  100%
AwkwardForth zlib1-jagged1 87.85066270828247 seconds
  Resident Pages: 1111598/1111598  4G/4G  100%
pyarrow zlib1-jagged1 18.069061040878296 seconds
  Resident Pages: 1111598/1111598  4G/4G  100%
AwkwardForth zlib1-jagged1 87.6123743057251 seconds
  Resident Pages: 1119012/1119012  4G/4G  100%
pyarrow zlib1-jagged2 39.33548617362976 seconds
  Resident Pages: 1119012/1119012  4G/4G  100%
pyarrow zlib1-jagged2 20.24872398376465 seconds
  Resident Pages: 1119012/1119012  4G/4G  100%
AwkwardForth zlib1-jagged2 110.34052753448486 seconds
  Resident Pages: 1119012/1119012  4G/4G  100%
AwkwardForth zlib1-jagged2 109.6797685623169 seconds
  Resident Pages: 1119012/1119012  4G/4G  100%
pyarrow zlib1-jagged2 20.527597427368164 seconds
  Resident Pages: 1119012/1119012  4G/4G  100%
AwkwardForth zlib1-jagged2 109.66651916503906 seconds
  Resident Pages: 1119433/1119433  4G/4G  100%
pyarrow zlib1-jagged3 55.96869158744812 seconds
  Resident Pages: 1119433/1119433  4G/4G  100%
pyarrow zlib1-jagged3 21.25445294380188 seconds
  Resident Pages: 1119433/1119433  4G/4G  100%
AwkwardForth zlib1-jagged3 128.44623160362244 seconds
  Resident Pages: 1119433/1119433  4G/4G  100%
AwkwardForth zlib1-jagged3 128.64432764053345 seconds
  Resident Pages: 1119433/1119433  4G/4G  100%
pyarrow zlib1-jagged3 21.33734107017517 seconds
  Resident Pages: 1119433/1119433  4G/4G  100%
AwkwardForth zlib1-jagged3 129.09536290168762 seconds
