  Resident Pages: 627214/1048657  2G/4G  59.8%
forth-read-jagged0-avro.py
AwkwardForth zlib0-jagged0 48.11770009994507 seconds
  Resident Pages: 1048657/1048657  4G/4G  100%
fastavro-read-jagged0-avro.py
1
2
3
4
5
6
7
8
9
10
11
12
13
14
15
16
17
18
19
20
21
22
23
24
25
26
27
28
29
30
31
32
33
34
35
36
37
38
39
40
41
42
43
44
45
46
47
48
49
50
51
52
53
54
55
56
57
58
59
60
61
62
63
64
65
66
67
68
69
70
71
72
73
74
75
76
77
78
79
80
81
82
83
84
85
86
87
88
89
90
91
92
93
94
95
96
97
98
99
fastavro zlib0-jagged0 272.29777693748474 seconds
  Resident Pages: 1048657/1048657  4G/4G  100%
forth-read-jagged0-avro.py
AwkwardForth zlib0-jagged0 3.486482620239258 seconds
  Resident Pages: 1114198/1114198  4G/4G  100%
forth-read-jagged1-avro.py
AwkwardForth zlib0-jagged1 13.292168855667114 seconds
  Resident Pages: 1114198/1114198  4G/4G  100%
fastavro-read-jagged1-avro.py
1
2
3
4
5
6
7
8
9
10
11
12
13
14
15
16
17
18
19
20
21
22
23
24
25
26
27
28
29
30
31
32
33
34
35
36
37
38
39
40
41
42
43
44
45
46
47
48
49
50
51
52
53
54
55
56
57
58
59
60
61
62
63
64
65
66
67
68
69
70
71
72
73
74
75
76
77
78
79
80
81
82
83
84
85
86
87
88
89
90
91
92
93
94
95
96
97
98
99
fastavro zlib0-jagged1 166.60227370262146 seconds
  Resident Pages: 1114198/1114198  4G/4G  100%
forth-read-jagged1-avro.py
AwkwardForth zlib0-jagged1 13.175305366516113 seconds
  Resident Pages: 627275/1122391  2G/4G  55.9%
forth-read-jagged2-avro.py
AwkwardForth zlib0-jagged2 71.70865511894226 seconds
  Resident Pages: 1122391/1122391  4G/4G  100%
fastavro-read-jagged2-avro.py
1
2
3
4
5
6
7
8
9
10
11
12
13
14
15
16
17
18
19
20
21
22
23
24
25
26
27
28
29
30
31
32
33
34
35
36
37
38
39
40
41
42
43
44
45
46
47
48
49
50
51
52
53
54
55
56
57
58
59
60
61
62
63
64
65
66
67
68
69
70
71
72
73
74
75
76
77
78
79
80
81
82
83
84
85
86
87
88
89
90
91
92
93
94
95
96
97
98
99
fastavro zlib0-jagged2 151.9802267551422 seconds
  Resident Pages: 1122391/1122391  4G/4G  100%
forth-read-jagged2-avro.py
AwkwardForth zlib0-jagged2 16.34829568862915 seconds
  Resident Pages: 1123415/1123415  4G/4G  100%
forth-read-jagged3-avro.py
AwkwardForth zlib0-jagged3 15.813870906829834 seconds
  Resident Pages: 1123415/1123415  4G/4G  100%
fastavro-read-jagged3-avro.py
1
2
3
4
5
6
7
8
9
10
11
12
13
14
15
16
17
18
19
20
21
22
23
24
25
26
27
28
29
30
31
32
33
34
35
36
37
38
39
40
41
42
43
44
45
46
47
48
49
50
51
52
53
54
55
56
57
58
59
60
61
62
63
64
65
66
67
68
69
70
71
72
73
74
75
76
77
78
79
80
81
82
83
84
85
86
87
88
89
90
91
92
93
94
95
96
97
98
99
fastavro zlib0-jagged3 155.82980680465698 seconds
  Resident Pages: 1123415/1123415  4G/4G  100%
forth-read-jagged3-avro.py
AwkwardForth zlib0-jagged3 15.88645052909851 seconds
